<?xml version="1.0" encoding="UTF-8"?>
<testng-results ignored="0" total="6" passed="6" failed="0" skipped="0">
  <reporter-output>
  </reporter-output>
  <suite started-at="2020-11-22T01:41:01 MST" name="Surefire suite" finished-at="2020-11-22T01:41:01 MST" duration-ms="87">
    <groups>
    </groups>
    <test started-at="2020-11-22T01:41:01 MST" name="Surefire test" finished-at="2020-11-22T01:41:01 MST" duration-ms="87">
      <class name="qaclickacademy.Mavenjava.AppiumTest">
        <test-method signature="AndroidAutomation()[pri:0, instance:qaclickacademy.Mavenjava.AppiumTest@48524010]" started-at="2020-11-22T01:41:01 MST" name="AndroidAutomation" finished-at="2020-11-22T01:41:01 MST" duration-ms="10" status="PASS">
          <reporter-output>
          </reporter-output>
        </test-method> <!-- AndroidAutomation -->
        <test-method signature="IOSAutomation()[pri:0, instance:qaclickacademy.Mavenjava.AppiumTest@48524010]" started-at="2020-11-22T01:41:01 MST" name="IOSAutomation" finished-at="2020-11-22T01:41:01 MST" duration-ms="0" status="PASS">
          <reporter-output>
          </reporter-output>
        </test-method> <!-- IOSAutomation -->
      </class> <!-- qaclickacademy.Mavenjava.AppiumTest -->
      <class name="qaclickacademy.Mavenjava.RestApiTest">
        <test-method signature="DeleteTwitter()[pri:0, instance:qaclickacademy.Mavenjava.RestApiTest@4b168fa9]" started-at="2020-11-22T01:41:01 MST" name="DeleteTwitter" finished-at="2020-11-22T01:41:01 MST" duration-ms="3" status="PASS">
          <reporter-output>
          </reporter-output>
        </test-method> <!-- DeleteTwitter -->
        <test-method signature="PostJira()[pri:0, instance:qaclickacademy.Mavenjava.RestApiTest@4b168fa9]" started-at="2020-11-22T01:41:01 MST" name="PostJira" finished-at="2020-11-22T01:41:01 MST" duration-ms="1" status="PASS">
          <reporter-output>
          </reporter-output>
        </test-method> <!-- PostJira -->
      </class> <!-- qaclickacademy.Mavenjava.RestApiTest -->
      <class name="qaclickacademy.Mavenjava.SeleniumTest">
        <test-method signature="BrowserAutomation()[pri:0, instance:qaclickacademy.Mavenjava.SeleniumTest@1a84f40f]" started-at="2020-11-22T01:41:01 MST" name="BrowserAutomation" finished-at="2020-11-22T01:41:01 MST" duration-ms="1" status="PASS">
          <reporter-output>
          </reporter-output>
        </test-method> <!-- BrowserAutomation -->
        <test-method signature="ElementsUI()[pri:0, instance:qaclickacademy.Mavenjava.SeleniumTest@1a84f40f]" started-at="2020-11-22T01:41:01 MST" name="ElementsUI" finished-at="2020-11-22T01:41:01 MST" duration-ms="1" status="PASS">
          <reporter-output>
          </reporter-output>
        </test-method> <!-- ElementsUI -->
      </class> <!-- qaclickacademy.Mavenjava.SeleniumTest -->
    </test> <!-- Surefire test -->
  </suite> <!-- Surefire suite -->
</testng-results>
