<?xml version="1.0" encoding="UTF-8"?>
<testng-results ignored="0" total="5" passed="5" failed="0" skipped="0">
  <reporter-output>
  </reporter-output>
  <suite started-at="2020-11-22T01:23:26 MST" name="Surefire suite" finished-at="2020-11-22T01:23:26 MST" duration-ms="73">
    <groups>
    </groups>
    <test started-at="2020-11-22T01:23:26 MST" name="Surefire test" finished-at="2020-11-22T01:23:26 MST" duration-ms="73">
      <class name="qaclickacademy.Mavenjava.AppiumTest">
        <test-method signature="AndroidAutomation()[pri:0, instance:qaclickacademy.Mavenjava.AppiumTest@23282c25]" started-at="2020-11-22T01:23:26 MST" name="AndroidAutomation" finished-at="2020-11-22T01:23:26 MST" duration-ms="9" status="PASS">
          <reporter-output>
          </reporter-output>
        </test-method> <!-- AndroidAutomation -->
        <test-method signature="IOSAutomation()[pri:0, instance:qaclickacademy.Mavenjava.AppiumTest@23282c25]" started-at="2020-11-22T01:23:26 MST" name="IOSAutomation" finished-at="2020-11-22T01:23:26 MST" duration-ms="3" status="PASS">
          <reporter-output>
          </reporter-output>
        </test-method> <!-- IOSAutomation -->
      </class> <!-- qaclickacademy.Mavenjava.AppiumTest -->
      <class name="qaclickacademy.Mavenjava.RestApiTest">
        <test-method signature="DeleteTwitter()[pri:0, instance:qaclickacademy.Mavenjava.RestApiTest@7920ba90]" started-at="2020-11-22T01:23:26 MST" name="DeleteTwitter" finished-at="2020-11-22T01:23:26 MST" duration-ms="3" status="PASS">
          <reporter-output>
          </reporter-output>
        </test-method> <!-- DeleteTwitter -->
        <test-method signature="PostJira()[pri:0, instance:qaclickacademy.Mavenjava.RestApiTest@7920ba90]" started-at="2020-11-22T01:23:26 MST" name="PostJira" finished-at="2020-11-22T01:23:26 MST" duration-ms="0" status="PASS">
          <reporter-output>
          </reporter-output>
        </test-method> <!-- PostJira -->
      </class> <!-- qaclickacademy.Mavenjava.RestApiTest -->
      <class name="qaclickacademy.Mavenjava.SeleniumTest">
        <test-method signature="ElementsUI()[pri:0, instance:qaclickacademy.Mavenjava.SeleniumTest@6b419da]" started-at="2020-11-22T01:23:26 MST" name="ElementsUI" finished-at="2020-11-22T01:23:26 MST" duration-ms="1" status="PASS">
          <reporter-output>
          </reporter-output>
        </test-method> <!-- ElementsUI -->
      </class> <!-- qaclickacademy.Mavenjava.SeleniumTest -->
    </test> <!-- Surefire test -->
  </suite> <!-- Surefire suite -->
</testng-results>
