<?xml version="1.0" encoding="UTF-8"?>
<!-- Generated by org.testng.reporters.JUnitXMLReporter -->
<testsuite ignored="0" hostname="DESKTOP-PAE4UUJ" failures="0" tests="6" name="Surefire test" time="0.087" errors="0" timestamp="2020-11-22T01:41:01 MST">
  <testcase classname="qaclickacademy.Mavenjava.AppiumTest" name="AndroidAutomation" time="0.01"/>
  <testcase classname="qaclickacademy.Mavenjava.AppiumTest" name="IOSAutomation" time="0.0"/>
  <testcase classname="qaclickacademy.Mavenjava.RestApiTest" name="DeleteTwitter" time="0.003"/>
  <testcase classname="qaclickacademy.Mavenjava.RestApiTest" name="PostJira" time="0.001"/>
  <testcase classname="qaclickacademy.Mavenjava.SeleniumTest" name="BrowserAutomation" time="0.001"/>
  <testcase classname="qaclickacademy.Mavenjava.SeleniumTest" name="ElementsUI" time="0.001"/>
</testsuite> <!-- Surefire test -->
